c:\users\fxb76121200\desktop\airtube\x64\release\airtube.ipdb
c:\users\fxb76121200\desktop\airtube\x64\release\airtube.iobj
c:\users\fxb76121200\desktop\airtube\airtube\x64\release\vc141.pdb
c:\users\fxb76121200\desktop\airtube\airtube\x64\release\tools.obj
c:\users\fxb76121200\desktop\airtube\airtube\x64\release\scene.obj
c:\users\fxb76121200\desktop\airtube\airtube\x64\release\restartbutton.obj
c:\users\fxb76121200\desktop\airtube\airtube\x64\release\plane.obj
c:\users\fxb76121200\desktop\airtube\airtube\x64\release\object.obj
c:\users\fxb76121200\desktop\airtube\airtube\x64\release\maingamerunner.obj
c:\users\fxb76121200\desktop\airtube\airtube\x64\release\main.obj
c:\users\fxb76121200\desktop\airtube\airtube\x64\release\gamescene.obj
c:\users\fxb76121200\desktop\airtube\airtube\x64\release\fuckscene.obj
c:\users\fxb76121200\desktop\airtube\airtube\x64\release\finishbutton.obj
c:\users\fxb76121200\desktop\airtube\airtube\x64\release\endscene.obj
c:\users\fxb76121200\desktop\airtube\airtube\x64\release\endbackground.obj
c:\users\fxb76121200\desktop\airtube\airtube\x64\release\box.obj
c:\users\fxb76121200\desktop\airtube\x64\release\airtube.exe
c:\users\fxb76121200\desktop\airtube\x64\release\airtube.pdb
c:\users\fxb76121200\desktop\airtube\airtube\x64\release\airtube.tlog\airtube.write.1u.tlog
c:\users\fxb76121200\desktop\airtube\airtube\x64\release\airtube.tlog\cl.command.1.tlog
c:\users\fxb76121200\desktop\airtube\airtube\x64\release\airtube.tlog\cl.read.1.tlog
c:\users\fxb76121200\desktop\airtube\airtube\x64\release\airtube.tlog\cl.write.1.tlog
c:\users\fxb76121200\desktop\airtube\airtube\x64\release\airtube.tlog\link.command.1.tlog
c:\users\fxb76121200\desktop\airtube\airtube\x64\release\airtube.tlog\link.read.1.tlog
c:\users\fxb76121200\desktop\airtube\airtube\x64\release\airtube.tlog\link.write.1.tlog
