  Airport.cpp
  BackgroundObject.cpp
  box.cpp
  box.h
  ChosenPlane.cpp
  Circle.cpp
  CircleObject.cpp
  EndButtonObject.cpp
  EndScene.cpp
  GameScene.cpp
f:\我在浙大\工程与科研中的c++\project\airtube\airtube\gamescene.cpp(15): warning C4244: “参数”: 从“time_t”转换到“unsigned int”，可能丢失数据
  GameSceneActions.cpp
  Line.cpp
  LineObject.cpp
  MainBackgroundObject.cpp
  PauseButtonObject.cpp
  Plane.cpp
  PlaneCreator.cpp
  PlaneObject.cpp
f:\我在浙大\工程与科研中的c++\project\airtube\airtube\planeobject.cpp(22): warning C4244: “参数”: 从“int”转换到“float”，可能丢失数据
  FuckScene.cpp
  main.cpp
  正在生成代码...
  正在编译...
  MainGameRunner.cpp
f:\我在浙大\工程与科研中的c++\project\airtube\airtube\maingamerunner.cpp(41): warning C4244: “参数”: 从“time_t”转换到“int”，可能丢失数据
  Object.cpp
  PictureObject.cpp
  Scene.cpp
  ScoreManager.cpp
  StartButtonObject.cpp
  StartScene.cpp
  StartSceneActions.cpp
  TextObject.cpp
  ToggleObject.cpp
  Tools.cpp
  正在生成代码...
x64\Debug\box.obj : warning LNK4042: 对象被多次指定；已忽略多余的指定
box.obj : error LNK2019: 无法解析的外部符号 "void __cdecl cv::addWeighted(class cv::debug_build_guard::_InputArray const &,double,class cv::debug_build_guard::_InputArray const &,double,double,class cv::debug_build_guard::_OutputArray const &,int)" (?addWeighted@cv@@YAXAEBV_InputArray@debug_build_guard@1@N0NNAEBV_OutputArray@31@H@Z)，该符号在函数 "public: virtual void __cdecl Box::print(class cv::Mat const &)" (?print@Box@@UEAAXAEBVMat@cv@@@Z) 中被引用
CircleObject.obj : error LNK2019: 无法解析的外部符号 "void __cdecl cv::circle(class cv::debug_build_guard::_InputOutputArray const &,class cv::Point_<int>,int,class cv::Scalar_<double> const &,int,int,int)" (?circle@cv@@YAXAEBV_InputOutputArray@debug_build_guard@1@V?$Point_@H@1@HAEBV?$Scalar_@N@1@HHH@Z)，该符号在函数 "public: virtual void __cdecl View::CircleObject::print(class cv::Mat const &)" (?print@CircleObject@View@@UEAAXAEBVMat@cv@@@Z) 中被引用
GameScene.obj : error LNK2019: 无法解析的外部符号 "void __cdecl cv::imshow(class cv::String const &,class cv::debug_build_guard::_InputArray const &)" (?imshow@cv@@YAXAEBVString@1@AEBV_InputArray@debug_build_guard@1@@Z)，该符号在函数 "public: virtual void __cdecl View::GameScene::update(void)" (?update@GameScene@View@@UEAAXXZ) 中被引用
Scene.obj : error LNK2001: 无法解析的外部符号 "void __cdecl cv::imshow(class cv::String const &,class cv::debug_build_guard::_InputArray const &)" (?imshow@cv@@YAXAEBVString@1@AEBV_InputArray@debug_build_guard@1@@Z)
LineObject.obj : error LNK2019: 无法解析的外部符号 "void __cdecl cv::line(class cv::debug_build_guard::_InputOutputArray const &,class cv::Point_<int>,class cv::Point_<int>,class cv::Scalar_<double> const &,int,int,int)" (?line@cv@@YAXAEBV_InputOutputArray@debug_build_guard@1@V?$Point_@H@1@1AEBV?$Scalar_@N@1@HHH@Z)，该符号在函数 "public: virtual void __cdecl View::LineObject::print(class cv::Mat const &)" (?print@LineObject@View@@UEAAXAEBVMat@cv@@@Z) 中被引用
PlaneObject.obj : error LNK2019: 无法解析的外部符号 "void __cdecl cv::warpAffine(class cv::debug_build_guard::_InputArray const &,class cv::debug_build_guard::_OutputArray const &,class cv::debug_build_guard::_InputArray const &,class cv::Size_<int>,int,int,class cv::Scalar_<double> const &)" (?warpAffine@cv@@YAXAEBV_InputArray@debug_build_guard@1@AEBV_OutputArray@31@0V?$Size_@H@1@HHAEBV?$Scalar_@N@1@@Z)，该符号在函数 "public: void __cdecl View::PlaneObject::setRotation(double)" (?setRotation@PlaneObject@View@@QEAAXN@Z) 中被引用
TextObject.obj : error LNK2019: 无法解析的外部符号 "void __cdecl cv::putText(class cv::debug_build_guard::_InputOutputArray const &,class cv::String const &,class cv::Point_<int>,int,double,class cv::Scalar_<double>,int,int,bool)" (?putText@cv@@YAXAEBV_InputOutputArray@debug_build_guard@1@AEBVString@1@V?$Point_@H@1@HNV?$Scalar_@N@1@HH_N@Z)，该符号在函数 "public: virtual void __cdecl View::TextObject::print(class cv::Mat const &)" (?print@TextObject@View@@UEAAXAEBVMat@cv@@@Z) 中被引用
Tools.obj : error LNK2019: 无法解析的外部符号 "public: void __cdecl cv::Mat::convertTo(class cv::debug_build_guard::_OutputArray const &,int,double,double)const " (?convertTo@Mat@cv@@QEBAXAEBV_OutputArray@debug_build_guard@2@HNN@Z)，该符号在函数 "class cv::Mat & __cdecl cv::operator*=(class cv::Mat &,double const &)" (??Xcv@@YAAEAVMat@0@AEAV10@AEBN@Z) 中被引用
Tools.obj : error LNK2019: 无法解析的外部符号 "public: class cv::MatExpr __cdecl cv::Mat::mul(class cv::debug_build_guard::_InputArray const &,double)const " (?mul@Mat@cv@@QEBA?AVMatExpr@2@AEBV_InputArray@debug_build_guard@2@N@Z)，该符号在函数 "int __cdecl Tools::cvAdd4cMat_q(class cv::Mat &,class cv::Mat &,double)" (?cvAdd4cMat_q@Tools@@YAHAEAVMat@cv@@0N@Z) 中被引用
Tools.obj : error LNK2019: 无法解析的外部符号 "void __cdecl cv::merge(class cv::debug_build_guard::_InputArray const &,class cv::debug_build_guard::_OutputArray const &)" (?merge@cv@@YAXAEBV_InputArray@debug_build_guard@1@AEBV_OutputArray@31@@Z)，该符号在函数 "int __cdecl Tools::cvAdd4cMat_q(class cv::Mat &,class cv::Mat &,double)" (?cvAdd4cMat_q@Tools@@YAHAEAVMat@cv@@0N@Z) 中被引用
Tools.obj : error LNK2019: 无法解析的外部符号 "void __cdecl cv::split(class cv::debug_build_guard::_InputArray const &,class cv::debug_build_guard::_OutputArray const &)" (?split@cv@@YAXAEBV_InputArray@debug_build_guard@1@AEBV_OutputArray@31@@Z)，该符号在函数 "int __cdecl Tools::cvAdd4cMat_q(class cv::Mat &,class cv::Mat &,double)" (?cvAdd4cMat_q@Tools@@YAHAEAVMat@cv@@0N@Z) 中被引用
F:\我在浙大\工程与科研中的c++\Project\AirTube\x64\Debug\AirTube.exe : fatal error LNK1120: 10 个无法解析的外部命令
