f:\我在浙大\工程与科研中的c++\project\airtube\airtube\x64\debug\vc141.pdb
f:\我在浙大\工程与科研中的c++\project\airtube\airtube\x64\debug\vc141.idb
f:\我在浙大\工程与科研中的c++\project\airtube\airtube\x64\debug\tools.obj
f:\我在浙大\工程与科研中的c++\project\airtube\airtube\x64\debug\scene.obj
f:\我在浙大\工程与科研中的c++\project\airtube\airtube\x64\debug\object.obj
f:\我在浙大\工程与科研中的c++\project\airtube\airtube\x64\debug\maingamerunner.obj
f:\我在浙大\工程与科研中的c++\project\airtube\airtube\x64\debug\main.obj
f:\我在浙大\工程与科研中的c++\project\airtube\airtube\x64\debug\fuckscene.obj
f:\我在浙大\工程与科研中的c++\project\airtube\airtube\x64\debug\box.obj
f:\我在浙大\工程与科研中的c++\project\airtube\airtube\x64\debug\pictureobject.obj
f:\我在浙大\工程与科研中的c++\project\airtube\x64\debug\airtube.ilk
f:\我在浙大\工程与科研中的c++\project\airtube\x64\debug\airtube.exe
f:\我在浙大\工程与科研中的c++\project\airtube\x64\debug\airtube.pdb
f:\我在浙大\工程与科研中的c++\project\airtube\airtube\x64\debug\airtube.tlog\cl.command.1.tlog
f:\我在浙大\工程与科研中的c++\project\airtube\airtube\x64\debug\airtube.tlog\cl.read.1.tlog
f:\我在浙大\工程与科研中的c++\project\airtube\airtube\x64\debug\airtube.tlog\cl.write.1.tlog
f:\我在浙大\工程与科研中的c++\project\airtube\airtube\x64\debug\airtube.tlog\link-cvtres.read.1.tlog
f:\我在浙大\工程与科研中的c++\project\airtube\airtube\x64\debug\airtube.tlog\link-cvtres.write.1.tlog
f:\我在浙大\工程与科研中的c++\project\airtube\airtube\x64\debug\airtube.tlog\link-rc.read.1.tlog
f:\我在浙大\工程与科研中的c++\project\airtube\airtube\x64\debug\airtube.tlog\link-rc.write.1.tlog
f:\我在浙大\工程与科研中的c++\project\airtube\airtube\x64\debug\airtube.tlog\link.command.1.tlog
f:\我在浙大\工程与科研中的c++\project\airtube\airtube\x64\debug\airtube.tlog\link.read.1.tlog
f:\我在浙大\工程与科研中的c++\project\airtube\airtube\x64\debug\airtube.tlog\link.write.1.tlog
